<?xml version="1.0" encoding="UTF-8"?>
<!-- Generated by org.testng.reporters.JUnitXMLReporter -->
<testsuite hostname="USHYDRGAJUL5" ignored="0" name="Test" tests="3" failures="0" timestamp="24 Jun 2019 14:48:20 GMT" time="59.973" errors="0">
  <testcase name="ChromeTest1" time="8.538" classname="com.test.DockerPOC.ChromeTest"/>
  <testcase name="ChromeTest2" time="11.01" classname="com.test.DockerPOC.ChromeTest"/>
  <testcase name="ChromeTest3" time="21.276" classname="com.test.DockerPOC.ChromeTest"/>
</testsuite> <!-- Test -->
