<?xml version="1.0" encoding="UTF-8"?>
<!-- Generated by org.testng.reporters.JUnitXMLReporter -->
<testsuite hostname="USHYDRGAJUL5" ignored="0" name="Test" tests="3" failures="0" timestamp="24 Jun 2019 11:00:55 GMT" time="53.221" errors="0">
  <testcase name="ChromeTest1" time="5.497" classname="com.test.DockerPOC.ChromeTest"/>
  <testcase name="ChromeTest2" time="7.511" classname="com.test.DockerPOC.ChromeTest"/>
  <testcase name="ChromeTest3" time="17.35" classname="com.test.DockerPOC.ChromeTest"/>
</testsuite> <!-- Test -->
