<?xml version="1.0" encoding="UTF-8"?>
<!-- Generated by org.testng.reporters.JUnitXMLReporter -->
<testsuite hostname="USHYDRGAJUL5" ignored="0" name="Test" tests="4" failures="0" timestamp="25 Jun 2019 11:47:51 GMT" time="158.625" errors="0">
  <testcase name="ChromeTest1" time="22.222" classname="com.test.DockerPOC.ChromeTest"/>
  <testcase name="ChromeTest2" time="26.055" classname="com.test.DockerPOC.ChromeTest"/>
  <testcase name="FireFoxTest1" time="49.008" classname="com.test.DockerPOC.ChromeTest"/>
  <testcase name="ChromeTest3" time="91.895" classname="com.test.DockerPOC.ChromeTest"/>
</testsuite> <!-- Test -->
