<?xml version="1.0" encoding="UTF-8"?>
<!-- Generated by org.testng.reporters.JUnitXMLReporter -->
<testsuite hostname="USHYDRGAJUL5" ignored="0" name="Test" tests="3" failures="0" timestamp="25 Jun 2019 12:50:19 GMT" time="73.395" errors="0">
  <testcase name="ChromeTest1" time="9.109" classname="com.test.DockerPOC.ChromeTest"/>
  <testcase name="ChromeTest2" time="11.38" classname="com.test.DockerPOC.ChromeTest"/>
  <testcase name="ChromeTest3" time="21.892" classname="com.test.DockerPOC.ChromeTest"/>
</testsuite> <!-- Test -->
