<?xml version="1.0" encoding="UTF-8"?>
<testng-results skipped="0" failed="0" ignored="0" total="3" passed="3">
  <reporter-output>
  </reporter-output>
  <suite name="Suite" duration-ms="53221" started-at="2019-06-24T11:00:02Z" finished-at="2019-06-24T11:00:55Z">
    <groups>
    </groups>
    <test name="Test" duration-ms="53221" started-at="2019-06-24T11:00:02Z" finished-at="2019-06-24T11:00:55Z">
      <class name="com.test.DockerPOC.ChromeTest">
        <test-method status="PASS" signature="RunDockerBatchFiles()[pri:0, instance:com.test.DockerPOC.ChromeTest@4c70fda8]" name="RunDockerBatchFiles" is-config="true" duration-ms="29454" started-at="2019-06-24T11:00:02Z" finished-at="2019-06-24T11:00:32Z">
          <reporter-output>
          </reporter-output>
        </test-method> <!-- RunDockerBatchFiles -->
        <test-method status="PASS" signature="ChromeTest2()[pri:0, instance:com.test.DockerPOC.ChromeTest@4c70fda8]" name="ChromeTest2" duration-ms="7511" started-at="2019-06-24T11:00:32Z" finished-at="2019-06-24T11:00:39Z">
          <reporter-output>
          </reporter-output>
        </test-method> <!-- ChromeTest2 -->
        <test-method status="PASS" signature="ChromeTest1()[pri:0, instance:com.test.DockerPOC.ChromeTest@4c70fda8]" name="ChromeTest1" duration-ms="5497" started-at="2019-06-24T11:00:32Z" finished-at="2019-06-24T11:00:37Z">
          <reporter-output>
          </reporter-output>
        </test-method> <!-- ChromeTest1 -->
        <test-method status="PASS" signature="ChromeTest3()[pri:0, instance:com.test.DockerPOC.ChromeTest@4c70fda8]" name="ChromeTest3" duration-ms="17350" started-at="2019-06-24T11:00:32Z" finished-at="2019-06-24T11:00:49Z">
          <reporter-output>
          </reporter-output>
        </test-method> <!-- ChromeTest3 -->
        <test-method status="PASS" signature="StopDocker()[pri:0, instance:com.test.DockerPOC.ChromeTest@4c70fda8]" name="StopDocker" is-config="true" duration-ms="6369" started-at="2019-06-24T11:00:49Z" finished-at="2019-06-24T11:00:55Z">
          <reporter-output>
          </reporter-output>
        </test-method> <!-- StopDocker -->
      </class> <!-- com.test.DockerPOC.ChromeTest -->
    </test> <!-- Test -->
  </suite> <!-- Suite -->
</testng-results>
